<?xml version="1.0" encoding="UTF-8"?>
<!-- Generated by org.testng.reporters.JUnitReportReporter -->
<testsuite hostname="PC-DuyHai" name="fr.doan.achilles.metadata.SimplePropertyMetaTest" tests="1" failures="1" timestamp="10 Nov 2012 20:07:06 GMT" time="392.120" errors="0">
  <testcase name="should_get_object_with_correct_type" time="392.120" classname="fr.doan.achilles.metadata.SimplePropertyMetaTest">
    <failure type="java.lang.IllegalStateException" message="The class &#039;fr.doan.achilles.metadata.SimplePropertyMetaTest.TestClass&#039; should have a public default constructor">
      <![CDATA[java.lang.IllegalStateException: The class 'fr.doan.achilles.metadata.SimplePropertyMetaTest.TestClass' should have a public default constructor
	at fr.doan.achilles.metadata.SimplePropertyMeta.validateNoargsConstructor(SimplePropertyMeta.java:60)
	at fr.doan.achilles.metadata.SimplePropertyMeta.<init>(SimplePropertyMeta.java:28)
	at fr.doan.achilles.metadata.SimplePropertyMetaTest.should_get_object_with_correct_type(SimplePropertyMetaTest.java:57)
	at sun.reflect.NativeMethodAccessorImpl.invoke0(Native Method)
	at sun.reflect.NativeMethodAccessorImpl.invoke(NativeMethodAccessorImpl.java:39)
	at sun.reflect.DelegatingMethodAccessorImpl.invoke(DelegatingMethodAccessorImpl.java:25)
	at java.lang.reflect.Method.invoke(Method.java:597)
	at org.testng.internal.MethodInvocationHelper.invokeMethod(MethodInvocationHelper.java:80)
	at org.testng.internal.Invoker.invokeMethod(Invoker.java:715)
	at org.testng.internal.Invoker.invokeTestMethod(Invoker.java:907)
	at org.testng.internal.Invoker.invokeTestMethods(Invoker.java:1237)
	at org.testng.internal.TestMethodWorker.invokeTestMethods(TestMethodWorker.java:127)
	at org.testng.internal.TestMethodWorker.run(TestMethodWorker.java:111)
	at org.testng.TestRunner.privateRun(TestRunner.java:767)
	at org.testng.TestRunner.run(TestRunner.java:617)
	at org.testng.SuiteRunner.runTest(SuiteRunner.java:334)
	at org.testng.SuiteRunner.runSequentially(SuiteRunner.java:329)
	at org.testng.SuiteRunner.privateRun(SuiteRunner.java:291)
	at org.testng.SuiteRunner.run(SuiteRunner.java:240)
	at org.testng.SuiteRunnerWorker.runSuite(SuiteRunnerWorker.java:51)
	at org.testng.SuiteRunnerWorker.run(SuiteRunnerWorker.java:85)
	at org.testng.TestNG.runSuitesSequentially(TestNG.java:1197)
	at org.testng.TestNG.runSuitesLocally(TestNG.java:1122)
	at org.testng.TestNG.run(TestNG.java:1030)
	at org.testng.remote.RemoteTestNG.run(RemoteTestNG.java:111)
	at org.testng.remote.RemoteTestNG.initAndRun(RemoteTestNG.java:204)
	at org.testng.remote.RemoteTestNG.main(RemoteTestNG.java:175)
]]>
    </failure>
  </testcase> <!-- should_get_object_with_correct_type -->
</testsuite> <!-- fr.doan.achilles.metadata.SimplePropertyMetaTest -->
